<?xml version="1.0" encoding="UTF-8"?>
<!-- Generated by org.testng.reporters.JUnitXMLReporter -->
<testsuite ignored="1" hostname="Shri07" failures="0" tests="2" name="Submit Order Test" time="17.923" errors="0" timestamp="2024-02-29T10:36:15 IST">
  <testcase classname="rahulshettyacademy.SubmitOrderTest" name="submitOrder" time="4.625"/>
  <testcase classname="rahulshettyacademy.SubmitOrderTest" name="submitOrder" time="4.331"/>
  <testcase classname="rahulshettyacademy.SubmitOrderTest" name="orderHistoryTest" time="0.0">
    <ignored/>
  </testcase> <!-- orderHistoryTest -->
</testsuite> <!-- Submit Order Test -->
