<?xml version="1.0" encoding="UTF-8"?>
<!-- Generated by org.testng.reporters.JUnitXMLReporter -->
<testsuite ignored="2" hostname="Shri07" failures="0" tests="0" time="0.017" errors="0" timestamp="2024-02-29T13:07:58 IST">
  <testcase classname="rahulshettyacademy.ErrorValidationTest" name="productErrorValidation" time="0.0">
    <ignored/>
  </testcase> <!-- productErrorValidation -->
  <testcase classname="rahulshettyacademy.ErrorValidationTest" name="submitOrderError" time="0.0">
    <ignored/>
  </testcase> <!-- submitOrderError -->
</testsuite>
